Arguments: 
  /home/node1/.nvm/versions/node/v12.22.11/bin/node /home/node1/.npm/_npx/44821/bin/yarn install

PATH: 
  /home/node1/.npm/_npx/44821/bin:/home/node1/Documents/link/node_modules/.bin:/home/node1/.nvm/versions/node/v12.22.11/bin:/usr/local/sbin:/usr/local/bin:/usr/sbin:/usr/bin:/sbin:/bin:/usr/games:/usr/local/games:/snap/bin

Yarn version: 
  1.22.18

Node version: 
  12.22.11

Platform: 
  linux x64

Trace: 
  Error: https://registry.yarnpkg.com/@harmony-js%2fcore: Not found
      at Request.params.callback [as _callback] (/home/node1/.npm/_npx/44821/lib/node_modules/yarn/lib/cli.js:66138:18)
      at Request.self.callback (/home/node1/.npm/_npx/44821/lib/node_modules/yarn/lib/cli.js:140883:22)
      at Request.emit (events.js:314:20)
      at Request.<anonymous> (/home/node1/.npm/_npx/44821/lib/node_modules/yarn/lib/cli.js:141855:10)
      at Request.emit (events.js:314:20)
      at IncomingMessage.<anonymous> (/home/node1/.npm/_npx/44821/lib/node_modules/yarn/lib/cli.js:141777:12)
      at Object.onceWrapper (events.js:420:28)
      at IncomingMessage.emit (events.js:326:22)
      at endReadableNT (_stream_readable.js:1241:12)
      at processTicksAndRejections (internal/process/task_queues.js:84:21)

npm manifest: 
  {
    "name": "soccerplayers.app",
    "version": "1.0.0",
    "description": "Astra soccerplayers.app",
    "main": "truffle.js",
    "scripts": {
      "libInit": "tar -zxf ethereumjs-ethash-dist.tar.gz -C node_modules/@ethereumjs/ethash"
    },
    "devDependencies": {
      "@ethereumjs/block": "3.5.1",
      "@nomiclabs/hardhat-ethers": "^2.0.2",
      "@openzeppelin/hardhat-upgrades": "^1.10.0",
      "@truffle/contract": "^4.3.5",
      "@truffle/hdwallet-provider": "^1.0.43",
      "@types/chai": "^4.2.4",
      "@types/mocha": "^5.2.7",
      "bignumber.js": "^9.0.0",
      "bn.js": "^5.1.3",
      "chai": "^4.2.0",
      "chai-as-promised": "^7.1.1",
      "chai-bn": "^0.1.1",
      "dotenv": "^8.2.0",
      "eth-proof": "^2.1.4",
      "eth-util-lite": "^1.0.1",
      "ethereumjs-util": "^7.0.8",
      "ethers": "^5.4.6",
      "hardhat": "^2.6.2",
      "openzeppelin-solidity": "^3.3.0",
      "rlp": "2.2.6",
      "truffle": "^5.0.26",
      "tslib": "^2.0.1",
      "web3": "1.3.4",
      "@openzeppelin/contracts-upgradeable": "3.4.2"
    },
    "dependencies": {
      "@ethereumjs/common": "2.4.0",
      "@ethereumjs/ethash": "1.0.0",
      "@nomiclabs/hardhat-ethers": "^2.0.2",
      "@nomiclabs/hardhat-truffle5": "^2.0.0",
      "@nomiclabs/hardhat-web3": "^2.0.0",
      "@openzeppelin/contracts": "=3.3.0",
      "@openzeppelin/hardhat-upgrades": "^1.10.0",
      "@truffle/hdwallet-provider": "^1.2.6",
      "big-integer": "1.6.48",
      "dotenv": "^8.1.0",
      "eslint": "^6.8.0",
      "eslint-config-standard": "^14.1.1",
      "eslint-plugin-import": "^2.20.2",
      "eslint-plugin-node": "^11.1.0",
      "eslint-plugin-promise": "^4.0.1",
      "eslint-plugin-standard": "^4.0.0",
      "eth-object": "^1.0.3",
      "ethers": "^5.4.6",
      "ganache-cli": "^6.9.1",
      "hardhat": "^2.6.2",
      "merkle-patricia-tree": "4.2.1",
      "openzeppelin-solidity": "^3.3.0",
      "randombytes": "^2.1.0",
      "sha3": "^2.1.3",
      "solc": "^0.5.17",
      "solidity-coverage": "^0.7.5",
      "solidity-rlp": "^2.0.3",
      "solium": "^1.2.5",
      "tslib": "^1.10.0",
      "web3": "1.3.4",
      "yargs": "^16.2.0",
      "@harmony-js/core": "0.1.56",
      "@openzeppelin/contracts-upgradeable": "3.4.2"
    }
  }

yarn manifest: 
  No manifest

Lockfile: 
  No lockfile
